Copyright 1986-2022 Xilinx, Inc. All Rights Reserved. Copyright 2022-2024 Advanced Micro Devices, Inc. All Rights Reserved.
---------------------------------------------------------------------------------------------------------------------------------------------
| Tool Version : Vivado v.2024.2 (win64) Build 5239630 Fri Nov 08 22:35:27 MST 2024
| Date         : Wed Feb 19 13:33:45 2025
| Host         : fontana running 64-bit major release  (build 9200)
| Command      : report_timing -file out/post_route_timing.rpt -sort_by group -max_paths 100 -path_type summary
| Design       : red_pitaya_top
| Device       : 7z010-clg400
| Speed File   : -1  PRODUCTION 1.12 2019-11-22
| Design State : Routed
---------------------------------------------------------------------------------------------------------------------------------------------

Timing Report

Startpoint                     Endpoint                       Slack(ns)     
----------------------------------------------------------------------------
i_dsp/genblk4[4].iir/x0b_reg[16]/C
                               i_dsp/genblk4[4].iir/overflow_reg[3]/D
                                                              -4.965        
i_dsp/genblk4[4].iir/y2a_reg[16]/C
                               i_dsp/genblk4[4].iir/p_ay2_reg[24]/D
                                                              -4.901        
i_dsp/genblk4[4].iir/y2a_reg[16]/C
                               i_dsp/genblk4[4].iir/p_ay2_reg[3]/D
                                                              -4.837        
i_dsp/genblk4[4].iir/y2a_reg[16]/C
                               i_dsp/genblk4[4].iir/p_ay2_reg[8]/D
                                                              -4.815        
i_dsp/genblk4[4].iir/y2a_reg[16]/C
                               i_dsp/genblk4[4].iir/p_ay2_reg[15]/D
                                                              -4.804        
i_dsp/genblk4[4].iir/y2a_reg[16]/C
                               i_dsp/genblk4[4].iir/p_ay2_reg[11]/D
                                                              -4.802        
i_dsp/genblk4[4].iir/x0b_reg[16]/C
                               i_dsp/genblk4[4].iir/p_bx0_reg[4]/D
                                                              -4.799        
i_dsp/genblk4[4].iir/a1_reg[14]/C
                               i_dsp/genblk4[4].iir/p_ay1_reg[8]/D
                                                              -4.787        
i_dsp/genblk4[4].iir/x0b_reg[16]/C
                               i_dsp/genblk4[4].iir/p_bx0_reg[8]/D
                                                              -4.783        
i_dsp/genblk6[7].iq_2_outputs/iqfilter[1]/genblk2[0].lpf/y_reg[34]/C
                               i_dsp/genblk6[7].iq_2_outputs/modulator/secondproduct1/D[2]
                                                              -4.781        
i_dsp/genblk4[4].iir/y2a_reg[16]/C
                               i_dsp/genblk4[4].iir/p_ay2_reg[16]/D
                                                              -4.780        
i_dsp/genblk6[7].iq_2_outputs/iqfilter[1]/genblk2[0].lpf/y_reg[34]/C
                               i_dsp/genblk6[7].iq_2_outputs/modulator/secondproduct1/D[9]
                                                              -4.777        
i_dsp/genblk4[4].iir/x0b_reg[16]/C
                               i_dsp/genblk4[4].iir/p_bx0_reg[30]/D
                                                              -4.774        
i_dsp/genblk4[4].iir/a1_reg[14]/C
                               i_dsp/genblk4[4].iir/p_ay1_reg[22]/D
                                                              -4.773        
i_dsp/genblk6[7].iq_2_outputs/iqfilter[1]/genblk2[0].lpf/y_reg[34]/C
                               i_dsp/genblk6[7].iq_2_outputs/modulator/secondproduct1/D[10]
                                                              -4.768        
i_dsp/genblk6[7].iq_2_outputs/iqfilter[1]/genblk2[0].lpf/y_reg[34]/C
                               i_dsp/genblk6[7].iq_2_outputs/modulator/secondproduct1/D[8]
                                                              -4.764        
i_dsp/genblk4[4].iir/x0b_reg[16]/C
                               i_dsp/genblk4[4].iir/p_bx0_reg[6]/D
                                                              -4.755        
i_dsp/genblk4[4].iir/x0b_reg[16]/C
                               i_dsp/genblk4[4].iir/p_bx0_reg[0]/D
                                                              -4.755        
i_dsp/genblk6[7].iq_2_outputs/iqfilter[1]/genblk2[0].lpf/y_reg[34]/C
                               i_dsp/genblk6[7].iq_2_outputs/modulator/secondproduct1/D[1]
                                                              -4.754        
i_dsp/genblk4[4].iir/a1_reg[14]/C
                               i_dsp/genblk4[4].iir/p_ay1_reg[0]/D
                                                              -4.752        
i_dsp/genblk4[4].iir/a1_reg[14]/C
                               i_dsp/genblk4[4].iir/p_ay1_reg[5]/D
                                                              -4.752        
i_dsp/genblk6[7].iq_2_outputs/iqfilter[1]/genblk2[0].lpf/y_reg[34]/C
                               i_dsp/genblk6[7].iq_2_outputs/modulator/secondproduct1/D[4]
                                                              -4.751        
i_dsp/genblk4[4].iir/a1_reg[14]/C
                               i_dsp/genblk4[4].iir/p_ay1_reg[19]/D
                                                              -4.749        
i_dsp/genblk6[7].iq_2_outputs/iqfilter[1]/genblk2[0].lpf/y_reg[34]/C
                               i_dsp/genblk6[7].iq_2_outputs/modulator/secondproduct1/D[7]
                                                              -4.749        
i_dsp/genblk4[4].iir/a1_reg[14]/C
                               i_dsp/genblk4[4].iir/p_ay1_reg[6]/D
                                                              -4.738        
i_dsp/genblk4[4].iir/a1_reg[14]/C
                               i_dsp/genblk4[4].iir/p_ay1_reg[7]/D
                                                              -4.738        
i_dsp/genblk4[4].iir/a1_reg[14]/C
                               i_dsp/genblk4[4].iir/overflow_reg[0]/D
                                                              -4.727        
i_dsp/genblk4[4].iir/a1_reg[14]/C
                               i_dsp/genblk4[4].iir/p_ay1_reg[18]/D
                                                              -4.723        
i_dsp/genblk4[4].iir/x0b_reg[16]/C
                               i_dsp/genblk4[4].iir/p_bx0_reg[7]/D
                                                              -4.720        
i_dsp/genblk4[4].iir/y2a_reg[16]/C
                               i_dsp/genblk4[4].iir/p_ay2_reg[26]/D
                                                              -4.720        
i_dsp/genblk4[4].iir/a1_reg[14]/C
                               i_dsp/genblk4[4].iir/p_ay1_reg[17]/D
                                                              -4.720        
i_dsp/genblk4[4].iir/a1_reg[14]/C
                               i_dsp/genblk4[4].iir/p_ay1_reg[26]/D
                                                              -4.719        
i_dsp/genblk4[4].iir/y2a_reg[16]/C
                               i_dsp/genblk4[4].iir/p_ay2_reg[25]/D
                                                              -4.717        
i_dsp/genblk4[4].iir/y2a_reg[16]/C
                               i_dsp/genblk4[4].iir/p_ay2_reg[22]/D
                                                              -4.703        
i_dsp/genblk4[4].iir/y2a_reg[16]/C
                               i_dsp/genblk4[4].iir/p_ay2_reg[6]/D
                                                              -4.700        
i_dsp/genblk4[4].iir/y2a_reg[16]/C
                               i_dsp/genblk4[4].iir/p_ay2_reg[5]/D
                                                              -4.670        
i_dsp/genblk4[4].iir/y2a_reg[16]/C
                               i_dsp/genblk4[4].iir/p_ay2_reg[7]/D
                                                              -4.664        
i_dsp/genblk4[4].iir/b1_reg[14]/C
                               i_dsp/genblk4[4].iir/p_bx1_reg[29]/D
                                                              -4.664        
i_dsp/genblk4[4].iir/y2a_reg[16]/C
                               i_dsp/genblk4[4].iir/p_ay2_reg[30]/D
                                                              -4.663        
i_dsp/genblk4[4].iir/b1_reg[14]/C
                               i_dsp/genblk4[4].iir/p_bx1_reg[30]/D
                                                              -4.662        
i_dsp/genblk4[4].iir/x0b_reg[16]/C
                               i_dsp/genblk4[4].iir/p_bx0_reg[10]/D
                                                              -4.661        
i_dsp/genblk4[4].iir/y2a_reg[16]/C
                               i_dsp/genblk4[4].iir/p_ay2_reg[4]/D
                                                              -4.659        
i_dsp/genblk4[4].iir/x0b_reg[16]/C
                               i_dsp/genblk4[4].iir/p_bx0_reg[9]/D
                                                              -4.657        
i_dsp/genblk4[4].iir/b1_reg[14]/C
                               i_dsp/genblk4[4].iir/p_bx1_reg[24]/D
                                                              -4.654        
i_dsp/genblk4[4].iir/x0b_reg[16]/C
                               i_dsp/genblk4[4].iir/p_bx0_reg[21]/D
                                                              -4.654        
i_dsp/genblk4[4].iir/b1_reg[14]/C
                               i_dsp/genblk4[4].iir/p_bx1_reg[26]/D
                                                              -4.652        
i_dsp/genblk4[4].iir/y2a_reg[16]/C
                               i_dsp/genblk4[4].iir/p_ay2_reg[10]/D
                                                              -4.651        
i_dsp/genblk4[4].iir/y2a_reg[16]/C
                               i_dsp/genblk4[4].iir/p_ay2_reg[9]/D
                                                              -4.651        
i_dsp/genblk4[4].iir/x0b_reg[16]/C
                               i_dsp/genblk4[4].iir/p_bx0_reg[15]/D
                                                              -4.650        
i_dsp/genblk4[4].iir/b1_reg[14]/C
                               i_dsp/genblk4[4].iir/p_bx1_reg[28]/D
                                                              -4.647        
i_dsp/genblk4[4].iir/b1_reg[14]/C
                               i_dsp/genblk4[4].iir/p_bx1_reg[27]/D
                                                              -4.645        
i_dsp/genblk4[4].iir/x0b_reg[16]/C
                               i_dsp/genblk4[4].iir/p_bx0_reg[16]/D
                                                              -4.644        
i_dsp/genblk4[4].iir/y2a_reg[16]/C
                               i_dsp/genblk4[4].iir/p_ay2_reg[0]/D
                                                              -4.643        
i_dsp/genblk4[4].iir/b1_reg[14]/C
                               i_dsp/genblk4[4].iir/p_bx1_reg[2]/D
                                                              -4.643        
i_dsp/genblk4[4].iir/a1_reg[14]/C
                               i_dsp/genblk4[4].iir/p_ay1_reg[27]/D
                                                              -4.642        
i_dsp/genblk4[4].iir/y2a_reg[16]/C
                               i_dsp/genblk4[4].iir/p_ay2_reg[19]/D
                                                              -4.641        
i_dsp/genblk4[4].iir/x0b_reg[16]/C
                               i_dsp/genblk4[4].iir/p_bx0_reg[28]/D
                                                              -4.630        
i_dsp/genblk4[4].iir/x0b_reg[16]/C
                               i_dsp/genblk4[4].iir/p_bx0_reg[12]/D
                                                              -4.629        
i_dsp/genblk4[4].iir/x0b_reg[16]/C
                               i_dsp/genblk4[4].iir/p_bx0_reg[18]/D
                                                              -4.627        
i_dsp/genblk4[4].iir/x0b_reg[16]/C
                               i_dsp/genblk4[4].iir/p_bx0_reg[22]/D
                                                              -4.625        
i_dsp/genblk4[4].iir/x0b_reg[16]/C
                               i_dsp/genblk4[4].iir/p_bx0_reg[13]/D
                                                              -4.622        
i_dsp/genblk4[4].iir/y2a_reg[16]/C
                               i_dsp/genblk4[4].iir/p_ay2_reg[23]/D
                                                              -4.617        
i_dsp/genblk4[4].iir/x0b_reg[16]/C
                               i_dsp/genblk4[4].iir/p_bx0_reg[29]/D
                                                              -4.615        
i_dsp/genblk6[7].iq_2_outputs/iqfilter[1]/genblk2[0].lpf/y_reg[34]/C
                               i_dsp/genblk6[7].iq_2_outputs/modulator/secondproduct1/D[12]
                                                              -4.611        
i_dsp/genblk6[7].iq_2_outputs/iqfilter[1]/genblk2[0].lpf/y_reg[34]/C
                               i_dsp/genblk6[7].iq_2_outputs/modulator/secondproduct1/D[6]
                                                              -4.610        
i_dsp/genblk4[4].iir/y2a_reg[16]/C
                               i_dsp/genblk4[4].iir/p_ay2_reg[18]/D
                                                              -4.609        
i_dsp/genblk6[7].iq_2_outputs/iqfilter[1]/genblk2[0].lpf/y_reg[34]/C
                               i_dsp/genblk6[7].iq_2_outputs/modulator/secondproduct1/D[5]
                                                              -4.607        
i_dsp/genblk4[4].iir/y2a_reg[16]/C
                               i_dsp/genblk4[4].iir/p_ay2_reg[2]/D
                                                              -4.603        
i_dsp/genblk6[7].iq_2_outputs/iqfilter[1]/genblk2[0].lpf/y_reg[34]/C
                               i_dsp/genblk6[7].iq_2_outputs/modulator/secondproduct1/D[11]
                                                              -4.602        
i_dsp/genblk4[4].iir/y2a_reg[16]/C
                               i_dsp/genblk4[4].iir/p_ay2_reg[28]/D
                                                              -4.597        
i_dsp/genblk4[4].iir/a1_reg[14]/C
                               i_dsp/genblk4[4].iir/p_ay1_reg[24]/D
                                                              -4.593        
i_dsp/genblk4[4].iir/a1_reg[14]/C
                               i_dsp/genblk4[4].iir/p_ay1_reg[3]/D
                                                              -4.584        
i_dsp/genblk4[4].iir/y2a_reg[16]/C
                               i_dsp/genblk4[4].iir/p_ay2_reg[1]/D
                                                              -4.584        
i_dsp/genblk4[4].iir/x0b_reg[16]/C
                               i_dsp/genblk4[4].iir/p_bx0_reg[1]/D
                                                              -4.580        
i_dsp/genblk4[4].iir/x0b_reg[16]/C
                               i_dsp/genblk4[4].iir/p_bx0_reg[19]/D
                                                              -4.578        
i_dsp/genblk4[4].iir/a1_reg[14]/C
                               i_dsp/genblk4[4].iir/p_ay1_reg[14]/D
                                                              -4.578        
i_dsp/genblk4[4].iir/a1_reg[14]/C
                               i_dsp/genblk4[4].iir/p_ay1_reg[10]/D
                                                              -4.576        
i_dsp/genblk4[4].iir/a1_reg[14]/C
                               i_dsp/genblk4[4].iir/p_ay1_reg[21]/D
                                                              -4.576        
i_dsp/genblk4[4].iir/a1_reg[14]/C
                               i_dsp/genblk4[4].iir/p_ay1_reg[9]/D
                                                              -4.573        
i_dsp/genblk4[4].iir/x0b_reg[16]/C
                               i_dsp/genblk4[4].iir/p_bx0_reg[11]/D
                                                              -4.573        
i_dsp/genblk4[4].iir/a1_reg[14]/C
                               i_dsp/genblk4[4].iir/p_ay1_reg[4]/D
                                                              -4.572        
i_dsp/genblk4[4].iir/a1_reg[14]/C
                               i_dsp/genblk4[4].iir/p_ay1_reg[29]/D
                                                              -4.571        
i_dsp/genblk4[4].iir/b1_reg[14]/C
                               i_dsp/genblk4[4].iir/overflow_reg[4]/D
                                                              -4.571        
i_dsp/genblk4[4].iir/a1_reg[14]/C
                               i_dsp/genblk4[4].iir/p_ay1_reg[11]/D
                                                              -4.570        
i_dsp/genblk4[4].iir/y2a_reg[16]/C
                               i_dsp/genblk4[4].iir/overflow_reg[1]/D
                                                              -4.570        
i_dsp/genblk4[4].iir/y2a_reg[16]/C
                               i_dsp/genblk4[4].iir/p_ay2_reg[20]/D
                                                              -4.570        
i_dsp/genblk4[4].iir/y2a_reg[16]/C
                               i_dsp/genblk4[4].iir/p_ay2_reg[17]/D
                                                              -4.569        
i_dsp/genblk4[4].iir/a1_reg[14]/C
                               i_dsp/genblk4[4].iir/p_ay1_reg[23]/D
                                                              -4.567        
i_dsp/genblk4[4].iir/y2a_reg[16]/C
                               i_dsp/genblk4[4].iir/p_ay2_reg[21]/D
                                                              -4.563        
i_dsp/genblk4[4].iir/a1_reg[14]/C
                               i_dsp/genblk4[4].iir/p_ay1_reg[12]/D
                                                              -4.561        
i_dsp/genblk4[4].iir/x0b_reg[16]/C
                               i_dsp/genblk4[4].iir/p_bx0_reg[3]/D
                                                              -4.561        
i_dsp/genblk4[4].iir/x0b_reg[16]/C
                               i_dsp/genblk4[4].iir/p_bx0_reg[2]/D
                                                              -4.547        
i_dsp/genblk6[7].iq_2_outputs/iqfilter[1]/genblk2[0].lpf/y_reg[34]/C
                               i_dsp/genblk6[7].iq_2_outputs/modulator/secondproduct1/D[3]
                                                              -4.546        
i_dsp/genblk4[4].iir/y2a_reg[16]/C
                               i_dsp/genblk4[4].iir/p_ay2_reg[14]/D
                                                              -4.544        
i_dsp/genblk4[4].iir/a1_reg[14]/C
                               i_dsp/genblk4[4].iir/p_ay1_reg[28]/D
                                                              -4.538        
i_dsp/genblk4[4].iir/y2a_reg[16]/C
                               i_dsp/genblk4[4].iir/p_ay2_reg[29]/D
                                                              -4.536        
i_dsp/genblk4[4].iir/x0b_reg[16]/C
                               i_dsp/genblk4[4].iir/p_bx0_reg[5]/D
                                                              -4.532        
i_dsp/genblk4[4].iir/b1_reg[14]/C
                               i_dsp/genblk4[4].iir/p_bx1_reg[25]/D
                                                              -4.518        
i_dsp/genblk4[4].iir/b1_reg[14]/C
                               i_dsp/genblk4[4].iir/p_bx1_reg[13]/D
                                                              -4.510        
i_dsp/genblk4[4].iir/x0b_reg[16]/C
                               i_dsp/genblk4[4].iir/p_bx0_reg[14]/D
                                                              -4.509        
pwm[0]/v_r_reg[1]/C            pwm[0]/pwm_o_reg/D             -0.406        
pwm[1]/v_r_reg[3]/C            pwm[1]/pwm_o_reg/D             -0.385        
pwm[2]/v_r_reg[0]/C            pwm[2]/pwm_o_reg/D             -0.302        
i_ps/system_i/system_i/axi_protocol_converter_0/inst/gen_axilite.gen_b2s_conv.axilite_b2s/SI_REG/ar.ar_pipe/m_payload_i_reg[5]/C
                               i_ps/system_i/system_i/xadc/inst/AXI_XADC_CORE_I/XADC_INST/DADDR[3]
                                                              -0.216        
pwm[3]/vcnt_r_reg[7]/C         pwm[3]/pwm_o_reg/D             -0.212        
i_ps/system_i/system_i/xadc/inst/INTR_CTRLR_GEN_I.ip2bus_rdack_reg/C
                               i_ps/system_i/system_i/axi_protocol_converter_0/inst/gen_axilite.gen_b2s_conv.axilite_b2s/RD.ar_channel_0/cmd_translator_0/wrap_cmd_0/wrap_cnt_r_reg[0]/CE
                                                              -0.132        
i_ps/system_i/system_i/xadc/inst/INTR_CTRLR_GEN_I.ip2bus_rdack_reg/C
                               i_ps/system_i/system_i/axi_protocol_converter_0/inst/gen_axilite.gen_b2s_conv.axilite_b2s/RD.ar_channel_0/cmd_translator_0/wrap_cmd_0/wrap_cnt_r_reg[1]/CE
                                                              -0.132        
i_ps/system_i/system_i/xadc/inst/INTR_CTRLR_GEN_I.ip2bus_rdack_reg/C
                               i_ps/system_i/system_i/axi_protocol_converter_0/inst/gen_axilite.gen_b2s_conv.axilite_b2s/RD.ar_channel_0/cmd_translator_0/wrap_cmd_0/wrap_cnt_r_reg[2]/CE
                                                              -0.132        
i_ps/system_i/system_i/axi_protocol_converter_0/inst/gen_axilite.gen_b2s_conv.axilite_b2s/SI_REG/ar.ar_pipe/m_payload_i_reg[5]/C
                               i_ps/system_i/system_i/xadc/inst/AXI_LITE_IPIF_I/I_SLAVE_ATTACHMENT/I_DECODER/GEN_BKEND_CE_REGISTERS[1].ce_out_i_reg[1]/D
                                                              -0.115        
i_ps/system_i/system_i/axi_protocol_converter_0/inst/gen_axilite.gen_b2s_conv.axilite_b2s/RD.r_channel_0/rd_data_fifo_0/cnt_read_reg[2]/C
                               i_ps/system_i/system_i/axi_protocol_converter_0/inst/gen_axilite.gen_b2s_conv.axilite_b2s/RD.ar_channel_0/cmd_translator_0/s_axburst_eq0_reg/CE
                                                              -0.070        
i_ps/system_i/system_i/axi_protocol_converter_0/inst/gen_axilite.gen_b2s_conv.axilite_b2s/RD.r_channel_0/rd_data_fifo_0/cnt_read_reg[2]/C
                               i_ps/system_i/system_i/axi_protocol_converter_0/inst/gen_axilite.gen_b2s_conv.axilite_b2s/RD.ar_channel_0/cmd_translator_0/s_axburst_eq1_reg/CE
                                                              -0.070        
i_ps/system_i/system_i/axi_protocol_converter_0/inst/gen_axilite.gen_b2s_conv.axilite_b2s/WR.b_channel_0/bid_fifo_0/cnt_read_reg[1]/C
                               i_ps/system_i/system_i/axi_protocol_converter_0/inst/gen_axilite.gen_b2s_conv.axilite_b2s/WR.b_channel_0/bresp_fifo_0/memory_reg[3][1]_srl4/CE
                                                              -0.046        
i_ps/system_i/system_i/axi_protocol_converter_0/inst/gen_axilite.gen_b2s_conv.axilite_b2s/WR.b_channel_0/bid_fifo_0/cnt_read_reg[1]/C
                               i_ps/system_i/system_i/axi_protocol_converter_0/inst/gen_axilite.gen_b2s_conv.axilite_b2s/WR.aw_channel_0/cmd_translator_0/incr_cmd_0/axaddr_incr_reg[0]/D
                                                              -0.024        
i_ps/system_i/system_i/axi_protocol_converter_0/inst/gen_axilite.gen_b2s_conv.axilite_b2s/SI_REG/ar.ar_pipe/m_valid_i_reg/C
                               i_ps/system_i/system_i/axi_protocol_converter_0/inst/gen_axilite.gen_b2s_conv.axilite_b2s/RD.ar_channel_0/cmd_translator_0/s_axburst_eq0_reg/D
                                                              -0.015        
i_ps/system_i/system_i/axi_protocol_converter_0/inst/gen_axilite.gen_b2s_conv.axilite_b2s/WR.aw_channel_0/cmd_translator_0/wrap_cmd_0/axaddr_wrap_reg[6]/C
                               i_ps/system_i/system_i/xadc/inst/AXI_XADC_CORE_I/XADC_INST/DADDR[4]
                                                              0.009         
i_ps/system_i/system_i/axi_protocol_converter_0/inst/gen_axilite.gen_b2s_conv.axilite_b2s/SI_REG/ar.ar_pipe/m_payload_i_reg[5]/C
                               i_ps/system_i/system_i/xadc/inst/AXI_LITE_IPIF_I/I_SLAVE_ATTACHMENT/I_DECODER/GEN_BKEND_CE_REGISTERS[6].ce_out_i_reg[6]/D
                                                              0.013         
i_ps/system_i/system_i/axi_protocol_converter_0/inst/gen_axilite.gen_b2s_conv.axilite_b2s/SI_REG/ar.ar_pipe/m_payload_i_reg[5]/C
                               i_ps/system_i/system_i/xadc/inst/AXI_LITE_IPIF_I/I_SLAVE_ATTACHMENT/I_DECODER/GEN_BKEND_CE_REGISTERS[0].ce_out_i_reg[0]/D
                                                              0.015         
i_ps/system_i/system_i/axi_protocol_converter_0/inst/gen_axilite.gen_b2s_conv.axilite_b2s/RD.r_channel_0/transaction_fifo_0/cnt_read_reg[2]/C
                               i_ps/system_i/system_i/axi_protocol_converter_0/inst/gen_axilite.gen_b2s_conv.axilite_b2s/RD.r_channel_0/transaction_fifo_0/cnt_read_reg[4]/CE
                                                              0.020         
i_ps/system_i/system_i/axi_protocol_converter_0/inst/gen_axilite.gen_b2s_conv.axilite_b2s/SI_REG/ar.ar_pipe/m_valid_i_reg/C
                               i_ps/system_i/system_i/axi_protocol_converter_0/inst/gen_axilite.gen_b2s_conv.axilite_b2s/RD.ar_channel_0/cmd_translator_0/s_axburst_eq1_reg/D
                                                              0.037         
i_ps/system_i/system_i/axi_protocol_converter_0/inst/gen_axilite.gen_b2s_conv.axilite_b2s/WR.b_channel_0/bid_fifo_0/cnt_read_reg[1]/C
                               i_ps/system_i/system_i/axi_protocol_converter_0/inst/gen_axilite.gen_b2s_conv.axilite_b2s/WR.aw_channel_0/cmd_translator_0/incr_cmd_0/axaddr_incr_reg[5]/D
                                                              0.038         
i_ps/system_i/system_i/axi_protocol_converter_0/inst/gen_axilite.gen_b2s_conv.axilite_b2s/SI_REG/ar.ar_pipe/m_valid_i_reg/C
                               i_ps/system_i/system_i/axi_protocol_converter_0/inst/gen_axilite.gen_b2s_conv.axilite_b2s/RD.ar_channel_0/cmd_translator_0/incr_cmd_0/axlen_cnt_reg[1]/CE
                                                              0.039         
i_ps/system_i/system_i/axi_protocol_converter_0/inst/gen_axilite.gen_b2s_conv.axilite_b2s/SI_REG/ar.ar_pipe/m_valid_i_reg/C
                               i_ps/system_i/system_i/axi_protocol_converter_0/inst/gen_axilite.gen_b2s_conv.axilite_b2s/RD.ar_channel_0/cmd_translator_0/incr_cmd_0/axlen_cnt_reg[2]/CE
                                                              0.039         
i_ps/system_i/system_i/axi_protocol_converter_0/inst/gen_axilite.gen_b2s_conv.axilite_b2s/SI_REG/ar.ar_pipe/m_valid_i_reg/C
                               i_ps/system_i/system_i/axi_protocol_converter_0/inst/gen_axilite.gen_b2s_conv.axilite_b2s/RD.ar_channel_0/cmd_translator_0/incr_cmd_0/axlen_cnt_reg[3]/CE
                                                              0.039         
i_ps/system_i/system_i/axi_protocol_converter_0/inst/gen_axilite.gen_b2s_conv.axilite_b2s/RD.ar_channel_0/cmd_translator_0/wrap_cmd_0/sel_first_reg/C
                               i_ps/system_i/system_i/xadc/inst/AXI_XADC_CORE_I/XADC_INST/DADDR[2]
                                                              0.039         
i_ps/system_i/system_i/axi_protocol_converter_0/inst/gen_axilite.gen_b2s_conv.axilite_b2s/SI_REG/ar.ar_pipe/m_payload_i_reg[5]/C
                               i_ps/system_i/system_i/xadc/inst/AXI_LITE_IPIF_I/I_SLAVE_ATTACHMENT/I_DECODER/GEN_BKEND_CE_REGISTERS[4].ce_out_i_reg[4]/D
                                                              0.044         
i_ps/system_i/system_i/axi_protocol_converter_0/inst/gen_axilite.gen_b2s_conv.axilite_b2s/WR.b_channel_0/bid_fifo_0/cnt_read_reg[1]/C
                               i_ps/system_i/system_i/axi_protocol_converter_0/inst/gen_axilite.gen_b2s_conv.axilite_b2s/WR.aw_channel_0/cmd_translator_0/wrap_cmd_0/wrap_cnt_r_reg[0]/CE
                                                              0.044         
i_ps/system_i/system_i/axi_protocol_converter_0/inst/gen_axilite.gen_b2s_conv.axilite_b2s/WR.b_channel_0/bid_fifo_0/cnt_read_reg[1]/C
                               i_ps/system_i/system_i/axi_protocol_converter_0/inst/gen_axilite.gen_b2s_conv.axilite_b2s/WR.aw_channel_0/cmd_translator_0/wrap_cmd_0/wrap_cnt_r_reg[1]/CE
                                                              0.044         
i_ps/system_i/system_i/axi_protocol_converter_0/inst/gen_axilite.gen_b2s_conv.axilite_b2s/WR.b_channel_0/bid_fifo_0/cnt_read_reg[1]/C
                               i_ps/system_i/system_i/axi_protocol_converter_0/inst/gen_axilite.gen_b2s_conv.axilite_b2s/WR.aw_channel_0/cmd_translator_0/wrap_cmd_0/wrap_cnt_r_reg[2]/CE
                                                              0.044         
i_ps/system_i/system_i/axi_protocol_converter_0/inst/gen_axilite.gen_b2s_conv.axilite_b2s/WR.b_channel_0/bid_fifo_0/cnt_read_reg[1]/C
                               i_ps/system_i/system_i/axi_protocol_converter_0/inst/gen_axilite.gen_b2s_conv.axilite_b2s/WR.aw_channel_0/cmd_translator_0/incr_cmd_0/axaddr_incr_reg[8]/D
                                                              0.047         
i_ps/system_i/system_i/processing_system7/inst/PS7_i/MAXIGP1ACLK
                               i_ps/system_i/system_i/xadc/inst/AXI_LITE_IPIF_I/I_SLAVE_ATTACHMENT/I_DECODER/GEN_BKEND_CE_REGISTERS[12].ce_out_i_reg[12]/D
                                                              0.048         
i_ps/system_i/system_i/axi_protocol_converter_0/inst/gen_axilite.gen_b2s_conv.axilite_b2s/SI_REG/ar.ar_pipe/m_payload_i_reg[5]/C
                               i_ps/system_i/system_i/xadc/inst/AXI_LITE_IPIF_I/I_SLAVE_ATTACHMENT/I_DECODER/GEN_BKEND_CE_REGISTERS[5].ce_out_i_reg[5]/D
                                                              0.048         
i_ps/system_i/system_i/processing_system7/inst/PS7_i/MAXIGP1ACLK
                               i_ps/system_i/system_i/xadc/inst/AXI_LITE_IPIF_I/I_SLAVE_ATTACHMENT/I_DECODER/GEN_BKEND_CE_REGISTERS[9].ce_out_i_reg[9]/D
                                                              0.055         
i_ps/system_i/system_i/axi_protocol_converter_0/inst/gen_axilite.gen_b2s_conv.axilite_b2s/WR.b_channel_0/bid_fifo_0/cnt_read_reg[1]/C
                               i_ps/system_i/system_i/axi_protocol_converter_0/inst/gen_axilite.gen_b2s_conv.axilite_b2s/WR.b_channel_0/s_bresp_acc_reg[1]/CE
                                                              0.059         
i_ps/system_i/system_i/axi_protocol_converter_0/inst/gen_axilite.gen_b2s_conv.axilite_b2s/SI_REG/ar.ar_pipe/m_valid_i_reg/C
                               i_ps/system_i/system_i/axi_protocol_converter_0/inst/gen_axilite.gen_b2s_conv.axilite_b2s/RD.ar_channel_0/cmd_translator_0/wrap_cmd_0/wrap_cnt_r_reg[3]/D
                                                              0.060         
i_ps/system_i/system_i/axi_protocol_converter_0/inst/gen_axilite.gen_b2s_conv.axilite_b2s/RD.r_channel_0/transaction_fifo_0/cnt_read_reg[2]/C
                               i_ps/system_i/system_i/axi_protocol_converter_0/inst/gen_axilite.gen_b2s_conv.axilite_b2s/RD.r_channel_0/transaction_fifo_0/cnt_read_reg[0]/CE
                                                              0.086         
i_ps/system_i/system_i/axi_protocol_converter_0/inst/gen_axilite.gen_b2s_conv.axilite_b2s/RD.r_channel_0/transaction_fifo_0/cnt_read_reg[2]/C
                               i_ps/system_i/system_i/axi_protocol_converter_0/inst/gen_axilite.gen_b2s_conv.axilite_b2s/RD.r_channel_0/transaction_fifo_0/cnt_read_reg[3]/CE
                                                              0.086         
i_ps/system_i/system_i/axi_protocol_converter_0/inst/gen_axilite.gen_b2s_conv.axilite_b2s/RD.ar_channel_0/ar_cmd_fsm_0/FSM_sequential_state_reg[0]/C
                               i_ps/system_i/system_i/xadc/inst/AXI_XADC_CORE_I/XADC_INST/DADDR[6]
                                                              0.088         
i_ps/system_i/system_i/axi_protocol_converter_0/inst/gen_axilite.gen_b2s_conv.axilite_b2s/SI_REG/aw.aw_pipe/m_payload_i_reg[2]/C
                               i_ps/system_i/system_i/axi_protocol_converter_0/inst/gen_axilite.gen_b2s_conv.axilite_b2s/WR.aw_channel_0/cmd_translator_0/wrap_cmd_0/wrap_cnt_r_reg[2]/D
                                                              0.088         
i_ps/system_i/system_i/axi_protocol_converter_0/inst/gen_axilite.gen_b2s_conv.axilite_b2s/SI_REG/ar.ar_pipe/m_valid_i_reg/C
                               i_ps/system_i/system_i/axi_protocol_converter_0/inst/gen_axilite.gen_b2s_conv.axilite_b2s/RD.ar_channel_0/cmd_translator_0/incr_cmd_0/axlen_cnt_reg[0]/CE
                                                              0.093         
i_ps/system_i/system_i/axi_protocol_converter_0/inst/gen_axilite.gen_b2s_conv.axilite_b2s/SI_REG/ar.ar_pipe/m_valid_i_reg/C
                               i_ps/system_i/system_i/axi_protocol_converter_0/inst/gen_axilite.gen_b2s_conv.axilite_b2s/RD.ar_channel_0/cmd_translator_0/incr_cmd_0/axlen_cnt_reg[8]/CE
                                                              0.093         
i_ps/system_i/system_i/axi_protocol_converter_0/inst/gen_axilite.gen_b2s_conv.axilite_b2s/RD.ar_channel_0/cmd_translator_0/wrap_cmd_0/sel_first_reg/C
                               i_ps/system_i/system_i/xadc/inst/AXI_XADC_CORE_I/XADC_INST/DADDR[1]
                                                              0.099         
i_ps/system_i/system_i/axi_protocol_converter_0/inst/gen_axilite.gen_b2s_conv.axilite_b2s/SI_REG/ar.ar_pipe/m_payload_i_reg[5]/C
                               i_ps/system_i/system_i/xadc/inst/AXI_LITE_IPIF_I/I_SLAVE_ATTACHMENT/I_DECODER/GEN_BKEND_CE_REGISTERS[7].ce_out_i_reg[7]/D
                                                              0.106         
i_ps/system_i/system_i/axi_protocol_converter_0/inst/gen_axilite.gen_b2s_conv.axilite_b2s/SI_REG/ar.ar_pipe/m_valid_i_reg/C
                               i_ps/system_i/system_i/axi_protocol_converter_0/inst/gen_axilite.gen_b2s_conv.axilite_b2s/RD.ar_channel_0/cmd_translator_0/wrap_cmd_0/next_pending_r_reg/D
                                                              0.110         
i_ps/system_i/system_i/axi_protocol_converter_0/inst/gen_axilite.gen_b2s_conv.axilite_b2s/RD.r_channel_0/transaction_fifo_0/cnt_read_reg[2]/C
                               i_ps/system_i/system_i/axi_protocol_converter_0/inst/gen_axilite.gen_b2s_conv.axilite_b2s/RD.r_channel_0/transaction_fifo_0/cnt_read_reg[2]/CE
                                                              0.122         
i_ps/system_i/system_i/axi_protocol_converter_0/inst/gen_axilite.gen_b2s_conv.axilite_b2s/SI_REG/ar.ar_pipe/m_valid_i_reg/C
                               i_ps/system_i/system_i/axi_protocol_converter_0/inst/gen_axilite.gen_b2s_conv.axilite_b2s/RD.ar_channel_0/cmd_translator_0/wrap_cmd_0/wrap_second_len_r_reg[2]/D
                                                              0.125         
pwm[3]/vcnt_reg[1]/C           pwm[3]/bcnt_reg[0]/CE          0.158         
pwm[3]/vcnt_reg[1]/C           pwm[3]/bcnt_reg[1]/CE          0.158         
pwm[3]/vcnt_reg[1]/C           pwm[3]/bcnt_reg[2]/CE          0.158         
pwm[3]/vcnt_reg[1]/C           pwm[3]/bcnt_reg[3]/CE          0.158         
i_ps/system_i/system_i/axi_protocol_converter_0/inst/gen_axilite.gen_b2s_conv.axilite_b2s/SI_REG/ar.ar_pipe/m_payload_i_reg[5]/C
                               i_ps/system_i/system_i/xadc/inst/AXI_LITE_IPIF_I/I_SLAVE_ATTACHMENT/I_DECODER/GEN_BKEND_CE_REGISTERS[2].ce_out_i_reg[2]/D
                                                              0.159         
i_ps/system_i/system_i/axi_protocol_converter_0/inst/gen_axilite.gen_b2s_conv.axilite_b2s/SI_REG/ar.ar_pipe/m_payload_i_reg[5]/C
                               i_ps/system_i/system_i/xadc/inst/AXI_LITE_IPIF_I/I_SLAVE_ATTACHMENT/I_DECODER/GEN_BKEND_CE_REGISTERS[3].ce_out_i_reg[3]/D
                                                              0.164         
i_ps/system_i/system_i/axi_protocol_converter_0/inst/gen_axilite.gen_b2s_conv.axilite_b2s/SI_REG/ar.ar_pipe/m_valid_i_reg/C
                               i_ps/system_i/system_i/axi_protocol_converter_0/inst/gen_axilite.gen_b2s_conv.axilite_b2s/RD.ar_channel_0/cmd_translator_0/wrap_cmd_0/wrap_cnt_r_reg[2]/D
                                                              0.165         
i_ps/system_i/system_i/axi_protocol_converter_0/inst/gen_axilite.gen_b2s_conv.axilite_b2s/SI_REG/ar.ar_pipe/m_valid_i_reg/C
                               i_ps/system_i/system_i/axi_protocol_converter_0/inst/gen_axilite.gen_b2s_conv.axilite_b2s/RD.ar_channel_0/cmd_translator_0/incr_cmd_0/axaddr_incr_reg[3]/CE
                                                              0.167         
i_ps/system_i/system_i/axi_protocol_converter_0/inst/gen_axilite.gen_b2s_conv.axilite_b2s/SI_REG/ar.ar_pipe/m_valid_i_reg/C
                               i_ps/system_i/system_i/axi_protocol_converter_0/inst/gen_axilite.gen_b2s_conv.axilite_b2s/RD.ar_channel_0/cmd_translator_0/incr_cmd_0/axaddr_incr_reg[7]/CE
                                                              0.167         
i_ps/system_i/system_i/axi_protocol_converter_0/inst/gen_axilite.gen_b2s_conv.axilite_b2s/WR.b_channel_0/bid_fifo_0/cnt_read_reg[1]/C
                               i_ps/system_i/system_i/axi_protocol_converter_0/inst/gen_axilite.gen_b2s_conv.axilite_b2s/WR.aw_channel_0/cmd_translator_0/incr_cmd_0/axaddr_incr_reg[9]/D
                                                              0.169         
i_ps/system_i/system_i/processing_system7/inst/PS7_i/MAXIGP1ACLK
                               i_ps/system_i/system_i/xadc/inst/AXI_LITE_IPIF_I/I_SLAVE_ATTACHMENT/I_DECODER/GEN_BKEND_CE_REGISTERS[22].ce_out_i_reg[22]/D
                                                              0.173         
i_ps/system_i/system_i/axi_protocol_converter_0/inst/gen_axilite.gen_b2s_conv.axilite_b2s/SI_REG/ar.ar_pipe/m_valid_i_reg/C
                               i_ps/system_i/system_i/axi_protocol_converter_0/inst/gen_axilite.gen_b2s_conv.axilite_b2s/RD.ar_channel_0/cmd_translator_0/incr_cmd_0/axaddr_incr_reg[0]/CE
                                                              0.187         
i_ps/system_i/system_i/axi_protocol_converter_0/inst/gen_axilite.gen_b2s_conv.axilite_b2s/SI_REG/ar.ar_pipe/m_valid_i_reg/C
                               i_ps/system_i/system_i/axi_protocol_converter_0/inst/gen_axilite.gen_b2s_conv.axilite_b2s/RD.ar_channel_0/cmd_translator_0/incr_cmd_0/axaddr_incr_reg[1]/CE
                                                              0.187         
i_ps/system_i/system_i/axi_protocol_converter_0/inst/gen_axilite.gen_b2s_conv.axilite_b2s/SI_REG/ar.ar_pipe/m_valid_i_reg/C
                               i_ps/system_i/system_i/axi_protocol_converter_0/inst/gen_axilite.gen_b2s_conv.axilite_b2s/RD.ar_channel_0/cmd_translator_0/incr_cmd_0/axaddr_incr_reg[2]/CE
                                                              0.187         
i_ps/system_i/system_i/axi_protocol_converter_0/inst/gen_axilite.gen_b2s_conv.axilite_b2s/SI_REG/ar.ar_pipe/m_valid_i_reg/C
                               i_ps/system_i/system_i/axi_protocol_converter_0/inst/gen_axilite.gen_b2s_conv.axilite_b2s/RD.ar_channel_0/cmd_translator_0/incr_cmd_0/axaddr_incr_reg[4]/CE
                                                              0.187         
i_ps/system_i/system_i/processing_system7/inst/PS7_i/MAXIGP1ACLK
                               i_ps/system_i/system_i/xadc/inst/AXI_LITE_IPIF_I/I_SLAVE_ATTACHMENT/I_DECODER/GEN_BKEND_CE_REGISTERS[19].ce_out_i_reg[19]/D
                                                              0.193         
i_ps/system_i/system_i/axi_protocol_converter_0/inst/gen_axilite.gen_b2s_conv.axilite_b2s/SI_REG/ar.ar_pipe/m_valid_i_reg/C
                               i_ps/system_i/system_i/axi_protocol_converter_0/inst/gen_axilite.gen_b2s_conv.axilite_b2s/RD.ar_channel_0/cmd_translator_0/wrap_cmd_0/wrap_second_len_r_reg[1]/D
                                                              0.195         
i_ps/system_i/system_i/processing_system7/inst/PS7_i/MAXIGP1ACLK
                               i_ps/system_i/system_i/xadc/inst/INTR_CTRLR_GEN_I.ip2bus_wrack_reg/D
                                                              0.210         
pwm_rstn_reg/C                 pwm[2]/pwm_o_reg/R             0.211         
i_ps/system_i/system_i/axi_protocol_converter_0/inst/gen_axilite.gen_b2s_conv.axilite_b2s/WR.b_channel_0/bid_fifo_0/cnt_read_reg[1]/C
                               i_ps/system_i/system_i/axi_protocol_converter_0/inst/gen_axilite.gen_b2s_conv.axilite_b2s/WR.aw_channel_0/cmd_translator_0/incr_cmd_0/axaddr_incr_reg[7]/D
                                                              0.222         
i_ps/system_i/system_i/axi_protocol_converter_0/inst/gen_axilite.gen_b2s_conv.axilite_b2s/RD.r_channel_0/rd_data_fifo_0/cnt_read_reg[2]/C
                               i_ps/system_i/system_i/axi_protocol_converter_0/inst/gen_axilite.gen_b2s_conv.axilite_b2s/RD.r_channel_0/rd_data_fifo_0/cnt_read_reg[0]/CE
                                                              0.226         
i_ps/system_i/system_i/axi_protocol_converter_0/inst/gen_axilite.gen_b2s_conv.axilite_b2s/RD.r_channel_0/rd_data_fifo_0/cnt_read_reg[2]/C
                               i_ps/system_i/system_i/axi_protocol_converter_0/inst/gen_axilite.gen_b2s_conv.axilite_b2s/RD.r_channel_0/rd_data_fifo_0/cnt_read_reg[3]/CE
                                                              0.226         
i_ps/system_i/system_i/processing_system7/inst/PS7_i/MAXIGP1ACLK
                               i_ps/system_i/system_i/xadc/inst/AXI_LITE_IPIF_I/I_SLAVE_ATTACHMENT/I_DECODER/GEN_BKEND_CE_REGISTERS[14].ce_out_i_reg[14]/D
                                                              0.226         
i_ps/system_i/system_i/axi_protocol_converter_0/inst/gen_axilite.gen_b2s_conv.axilite_b2s/RD.r_channel_0/transaction_fifo_0/cnt_read_reg[2]/C
                               i_ps/system_i/system_i/axi_protocol_converter_0/inst/gen_axilite.gen_b2s_conv.axilite_b2s/RD.r_channel_0/transaction_fifo_0/cnt_read_reg[1]/CE
                                                              0.236         
i_ps/system_i/system_i/processing_system7/inst/PS7_i/MAXIGP1ACLK
                               i_ps/system_i/system_i/xadc/inst/AXI_LITE_IPIF_I/I_SLAVE_ATTACHMENT/I_DECODER/GEN_BKEND_CE_REGISTERS[21].ce_out_i_reg[21]/D
                                                              0.237         
i_ps/system_i/system_i/processing_system7/inst/PS7_i/MAXIGP1ACLK
                               i_ps/system_i/system_i/xadc/inst/INTR_CTRLR_GEN_I.INTERRUPT_CONTROL_I/ip_irpt_enable_reg_reg[3]/CE
                                                              0.238         
i_ps/system_i/system_i/processing_system7/inst/PS7_i/MAXIGP1ACLK
                               i_ps/system_i/system_i/xadc/inst/INTR_CTRLR_GEN_I.INTERRUPT_CONTROL_I/ip_irpt_enable_reg_reg[5]/CE
                                                              0.238         
i_ps/system_i/system_i/processing_system7/inst/PS7_i/MAXIGP1ACLK
                               i_ps/system_i/system_i/xadc/inst/INTR_CTRLR_GEN_I.INTERRUPT_CONTROL_I/ip_irpt_enable_reg_reg[8]/CE
                                                              0.238         
i_ps/system_i/system_i/axi_protocol_converter_0/inst/gen_axilite.gen_b2s_conv.axilite_b2s/WR.b_channel_0/bid_fifo_0/cnt_read_reg[1]/C
                               i_ps/system_i/system_i/axi_protocol_converter_0/inst/gen_axilite.gen_b2s_conv.axilite_b2s/WR.b_channel_0/bresp_cnt_reg[0]/R
                                                              0.246         
i_ps/system_i/system_i/axi_protocol_converter_0/inst/gen_axilite.gen_b2s_conv.axilite_b2s/WR.b_channel_0/bid_fifo_0/cnt_read_reg[1]/C
                               i_ps/system_i/system_i/axi_protocol_converter_0/inst/gen_axilite.gen_b2s_conv.axilite_b2s/WR.b_channel_0/bresp_cnt_reg[5]/R
                                                              0.246         
i_ps/system_i/system_i/axi_protocol_converter_0/inst/gen_axilite.gen_b2s_conv.axilite_b2s/WR.b_channel_0/bid_fifo_0/cnt_read_reg[1]/C
                               i_ps/system_i/system_i/axi_protocol_converter_0/inst/gen_axilite.gen_b2s_conv.axilite_b2s/WR.b_channel_0/bresp_cnt_reg[6]/R
                                                              0.246         
i_ps/system_i/system_i/axi_protocol_converter_0/inst/gen_axilite.gen_b2s_conv.axilite_b2s/WR.b_channel_0/bid_fifo_0/cnt_read_reg[1]/C
                               i_ps/system_i/system_i/axi_protocol_converter_0/inst/gen_axilite.gen_b2s_conv.axilite_b2s/WR.b_channel_0/bresp_cnt_reg[7]/R
                                                              0.246         
i_ps/system_i/system_i/processing_system7/inst/PS7_i/MAXIGP1ACLK
                               i_ps/system_i/system_i/xadc/inst/INTR_CTRLR_GEN_I.INTERRUPT_CONTROL_I/GEN_IP_IRPT_STATUS_REG[15].GEN_REG_STATUS.ip_irpt_status_reg_reg[15]/D
                                                              0.249         
pwm[0]/vcnt_reg[1]/C           pwm[0]/bcnt_reg[0]/CE          0.253         
pwm[0]/vcnt_reg[1]/C           pwm[0]/bcnt_reg[1]/CE          0.253         
pwm[0]/vcnt_reg[1]/C           pwm[0]/bcnt_reg[2]/CE          0.253         
pwm[0]/vcnt_reg[1]/C           pwm[0]/bcnt_reg[3]/CE          0.253         
i_ps/system_i/system_i/xadc/inst/INTR_CTRLR_GEN_I.ip2bus_rdack_reg/C
                               i_ps/system_i/system_i/axi_protocol_converter_0/inst/gen_axilite.gen_b2s_conv.axilite_b2s/RD.ar_channel_0/cmd_translator_0/incr_cmd_0/axlen_cnt_reg[4]/CE
                                                              0.261         
i_ps/system_i/system_i/xadc/inst/INTR_CTRLR_GEN_I.ip2bus_rdack_reg/C
                               i_ps/system_i/system_i/axi_protocol_converter_0/inst/gen_axilite.gen_b2s_conv.axilite_b2s/RD.ar_channel_0/cmd_translator_0/incr_cmd_0/axlen_cnt_reg[5]/CE
                                                              0.261         
i_ps/system_i/system_i/xadc/inst/INTR_CTRLR_GEN_I.ip2bus_rdack_reg/C
                               i_ps/system_i/system_i/axi_protocol_converter_0/inst/gen_axilite.gen_b2s_conv.axilite_b2s/RD.ar_channel_0/cmd_translator_0/incr_cmd_0/axlen_cnt_reg[6]/CE
                                                              0.261         
i_ps/system_i/system_i/xadc/inst/INTR_CTRLR_GEN_I.ip2bus_rdack_reg/C
                               i_ps/system_i/system_i/axi_protocol_converter_0/inst/gen_axilite.gen_b2s_conv.axilite_b2s/RD.ar_channel_0/cmd_translator_0/incr_cmd_0/axlen_cnt_reg[7]/CE
                                                              0.261         
pwm[1]/vcnt_reg[2]/C           pwm[1]/bcnt_reg[0]/CE          0.264         
pwm[1]/vcnt_reg[2]/C           pwm[1]/bcnt_reg[1]/CE          0.264         
pwm[1]/vcnt_reg[2]/C           pwm[1]/bcnt_reg[2]/CE          0.264         
pwm[1]/vcnt_reg[2]/C           pwm[1]/bcnt_reg[3]/CE          0.264         
i_ps/system_i/system_i/processing_system7/inst/PS7_i/MAXIGP1ACLK
                               i_ps/system_i/system_i/xadc/inst/INTR_CTRLR_GEN_I.INTERRUPT_CONTROL_I/ip_irpt_enable_reg_reg[0]/CE
                                                              0.272         
i_ps/system_i/system_i/processing_system7/inst/PS7_i/MAXIGP1ACLK
                               i_ps/system_i/system_i/xadc/inst/INTR_CTRLR_GEN_I.INTERRUPT_CONTROL_I/ip_irpt_enable_reg_reg[10]/CE
                                                              0.272         
i_ps/system_i/system_i/processing_system7/inst/PS7_i/MAXIGP1ACLK
                               i_ps/system_i/system_i/xadc/inst/INTR_CTRLR_GEN_I.INTERRUPT_CONTROL_I/ip_irpt_enable_reg_reg[12]/CE
                                                              0.272         
i_ps/system_i/system_i/processing_system7/inst/PS7_i/MAXIGP1ACLK
                               i_ps/system_i/system_i/xadc/inst/INTR_CTRLR_GEN_I.INTERRUPT_CONTROL_I/ip_irpt_enable_reg_reg[13]/CE
                                                              0.272         
i_ps/system_i/system_i/processing_system7/inst/PS7_i/MAXIGP1ACLK
                               i_ps/system_i/system_i/xadc/inst/INTR_CTRLR_GEN_I.INTERRUPT_CONTROL_I/ip_irpt_enable_reg_reg[1]/CE
                                                              0.272         
i_ps/system_i/system_i/processing_system7/inst/PS7_i/MAXIGP1ACLK
                               i_ps/system_i/system_i/xadc/inst/INTR_CTRLR_GEN_I.INTERRUPT_CONTROL_I/ip_irpt_enable_reg_reg[2]/CE
                                                              0.272         
i_ps/system_i/system_i/processing_system7/inst/PS7_i/MAXIGP1ACLK
                               i_ps/system_i/system_i/xadc/inst/INTR_CTRLR_GEN_I.INTERRUPT_CONTROL_I/GEN_IP_IRPT_STATUS_REG[11].GEN_REG_STATUS.ip_irpt_status_reg_reg[11]/D
                                                              0.274         
i_ps/system_i/system_i/axi_protocol_converter_0/inst/gen_axilite.gen_b2s_conv.axilite_b2s/RD.r_channel_0/transaction_fifo_0/cnt_read_reg[2]/C
                               i_ps/system_i/system_i/axi_protocol_converter_0/inst/gen_axilite.gen_b2s_conv.axilite_b2s/RD.r_channel_0/transaction_fifo_0/cnt_read_reg[2]/D
                                                              0.276         
i_ps/system_i/system_i/processing_system7/inst/PS7_i/MAXIGP1ACLK
                               i_ps/system_i/system_i/xadc/inst/AXI_LITE_IPIF_I/I_SLAVE_ATTACHMENT/I_DECODER/GEN_BKEND_CE_REGISTERS[8].ce_out_i_reg[8]/D
                                                              0.277         
i_ps/system_i/system_i/processing_system7/inst/PS7_i/MAXIGP1ACLK
                               i_ps/system_i/system_i/xadc/inst/AXI_LITE_IPIF_I/I_SLAVE_ATTACHMENT/I_DECODER/GEN_BKEND_CE_REGISTERS[20].ce_out_i_reg[20]/D
                                                              0.279         
i_ps/system_i/system_i/processing_system7/inst/PS7_i/MAXIGP1ACLK
                               i_ps/system_i/system_i/xadc/inst/AXI_LITE_IPIF_I/I_SLAVE_ATTACHMENT/I_DECODER/GEN_BKEND_CE_REGISTERS[17].ce_out_i_reg[17]/D
                                                              0.282         
i_ps/system_i/system_i/processing_system7/inst/PS7_i/MAXIGP1ACLK
                               i_ps/system_i/system_i/xadc/inst/AXI_LITE_IPIF_I/I_SLAVE_ATTACHMENT/I_DECODER/GEN_BKEND_CE_REGISTERS[15].ce_out_i_reg[15]/D
                                                              0.285         
i_ps/system_i/system_i/processing_system7/inst/PS7_i/MAXIGP1ACLK
                               i_ps/system_i/system_i/xadc/inst/AXI_LITE_IPIF_I/I_SLAVE_ATTACHMENT/I_DECODER/GEN_BKEND_CE_REGISTERS[10].ce_out_i_reg[10]/D
                                                              0.293         
i_ps/system_i/system_i/processing_system7/inst/PS7_i/MAXIGP1ACLK
                               i_ps/system_i/system_i/xadc/inst/INTR_CTRLR_GEN_I.INTERRUPT_CONTROL_I/GEN_IP_IRPT_STATUS_REG[13].GEN_REG_STATUS.ip_irpt_status_reg_reg[13]/D
                                                              0.296         
i_ps/system_i/system_i/axi_protocol_converter_0/inst/gen_axilite.gen_b2s_conv.axilite_b2s/SI_REG/ar.ar_pipe/m_valid_i_reg/C
                               i_ps/system_i/system_i/axi_protocol_converter_0/inst/gen_axilite.gen_b2s_conv.axilite_b2s/RD.ar_channel_0/cmd_translator_0/wrap_cmd_0/wrap_second_len_r_reg[3]/D
                                                              0.306         
i_ps/system_i/system_i/axi_protocol_converter_0/inst/gen_axilite.gen_b2s_conv.axilite_b2s/WR.b_channel_0/bid_fifo_0/cnt_read_reg[1]/C
                               i_ps/system_i/system_i/axi_protocol_converter_0/inst/gen_axilite.gen_b2s_conv.axilite_b2s/WR.aw_channel_0/cmd_translator_0/incr_cmd_0/axaddr_incr_reg[3]/D
                                                              0.313         
i_ps/system_i/system_i/axi_protocol_converter_0/inst/gen_axilite.gen_b2s_conv.axilite_b2s/RD.r_channel_0/transaction_fifo_0/cnt_read_reg[2]/C
                               i_ps/system_i/system_i/axi_protocol_converter_0/inst/gen_axilite.gen_b2s_conv.axilite_b2s/RD.r_channel_0/rd_data_fifo_0/cnt_read_reg[4]/D
                                                              0.316         
i_ps/system_i/system_i/processing_system7/inst/PS7_i/MAXIGP1ACLK
                               i_ps/system_i/system_i/xadc/inst/INTR_CTRLR_GEN_I.INTERRUPT_CONTROL_I/GEN_IP_IRPT_STATUS_REG[0].GEN_REG_STATUS.ip_irpt_status_reg_reg[0]/D
                                                              0.318         
i_ps/system_i/system_i/processing_system7/inst/PS7_i/MAXIGP1ACLK
                               i_ps/system_i/system_i/xadc/inst/INTR_CTRLR_GEN_I.INTERRUPT_CONTROL_I/GEN_IP_IRPT_STATUS_REG[14].GEN_REG_STATUS.ip_irpt_status_reg_reg[14]/D
                                                              0.322         
i_ps/system_i/system_i/axi_protocol_converter_0/inst/gen_axilite.gen_b2s_conv.axilite_b2s/WR.b_channel_0/bid_fifo_0/cnt_read_reg[1]/C
                               i_ps/system_i/system_i/axi_protocol_converter_0/inst/gen_axilite.gen_b2s_conv.axilite_b2s/WR.aw_channel_0/cmd_translator_0/incr_cmd_0/axaddr_incr_reg[4]/D
                                                              0.332         
i_ps/system_i/system_i/processing_system7/inst/PS7_i/MAXIGP1ACLK
                               i_ps/system_i/system_i/xadc/inst/AXI_LITE_IPIF_I/I_SLAVE_ATTACHMENT/I_DECODER/GEN_BKEND_CE_REGISTERS[13].ce_out_i_reg[13]/D
                                                              0.339         
i_ps/system_i/system_i/axi_protocol_converter_0/inst/gen_axilite.gen_b2s_conv.axilite_b2s/RD.r_channel_0/rd_data_fifo_0/cnt_read_reg[2]/C
                               i_ps/system_i/system_i/axi_protocol_converter_0/inst/gen_axilite.gen_b2s_conv.axilite_b2s/RD.r_channel_0/rd_data_fifo_0/cnt_read_reg[1]/CE
                                                              0.346         
i_ps/system_i/system_i/axi_protocol_converter_0/inst/gen_axilite.gen_b2s_conv.axilite_b2s/RD.r_channel_0/rd_data_fifo_0/cnt_read_reg[2]/C
                               i_ps/system_i/system_i/axi_protocol_converter_0/inst/gen_axilite.gen_b2s_conv.axilite_b2s/RD.r_channel_0/rd_data_fifo_0/cnt_read_reg[2]/CE
                                                              0.346         
i_ps/system_i/system_i/axi_protocol_converter_0/inst/gen_axilite.gen_b2s_conv.axilite_b2s/RD.r_channel_0/rd_data_fifo_0/cnt_read_reg[2]/C
                               i_ps/system_i/system_i/axi_protocol_converter_0/inst/gen_axilite.gen_b2s_conv.axilite_b2s/RD.r_channel_0/rd_data_fifo_0/cnt_read_reg[4]/CE
                                                              0.346         
i_ps/system_i/system_i/processing_system7/inst/PS7_i/MAXIGP1ACLK
                               i_ps/system_i/system_i/xadc/inst/INTR_CTRLR_GEN_I.INTERRUPT_CONTROL_I/ip_irpt_enable_reg_reg[15]/CE
                                                              0.348         
i_ps/system_i/system_i/processing_system7/inst/PS7_i/MAXIGP1ACLK
                               i_ps/system_i/system_i/xadc/inst/INTR_CTRLR_GEN_I.INTERRUPT_CONTROL_I/ip_irpt_enable_reg_reg[16]/CE
                                                              0.348         
i_ps/system_i/system_i/processing_system7/inst/PS7_i/MAXIGP1ACLK
                               i_ps/system_i/system_i/xadc/inst/INTR_CTRLR_GEN_I.INTERRUPT_CONTROL_I/ip_irpt_enable_reg_reg[7]/CE
                                                              0.348         
i_ams/dac_b_o_reg[14]/C        pwm[1]/b_reg[14]/D             0.392         
pwm[3]/vcnt_reg[1]/C           pwm[3]/v_reg[0]/CE             0.414         
pwm[3]/vcnt_reg[1]/C           pwm[3]/v_reg[1]/CE             0.414         
pwm[3]/vcnt_reg[1]/C           pwm[3]/v_reg[2]/CE             0.414         
pwm[3]/vcnt_reg[1]/C           pwm[3]/v_reg[3]/CE             0.414         
pwm[3]/vcnt_reg[1]/C           pwm[3]/v_reg[4]/CE             0.414         
pwm[3]/vcnt_reg[1]/C           pwm[3]/v_reg[5]/CE             0.414         
pwm[3]/vcnt_reg[1]/C           pwm[3]/v_reg[6]/CE             0.414         
pwm[3]/vcnt_reg[1]/C           pwm[3]/v_reg[7]/CE             0.414         
pwm[0]/vcnt_reg[1]/C           pwm[0]/b_reg[10]/CE            0.433         
pwm[0]/vcnt_reg[1]/C           pwm[0]/b_reg[7]/CE             0.433         
pwm[0]/vcnt_reg[1]/C           pwm[0]/b_reg[8]/CE             0.433         
pwm[0]/vcnt_reg[1]/C           pwm[0]/b_reg[9]/CE             0.433         
pwm[2]/vcnt_reg[4]/C           pwm[2]/b_reg[14]/CE            0.440         
pwm[2]/vcnt_reg[4]/C           pwm[2]/v_reg[0]/CE             0.446         
pwm[0]/vcnt_reg[1]/C           pwm[0]/v_reg[0]/CE             0.450         
pwm[0]/vcnt_reg[1]/C           pwm[0]/v_reg[1]/CE             0.450         
pwm[0]/vcnt_reg[1]/C           pwm[0]/v_reg[2]/CE             0.450         
pwm[0]/vcnt_reg[1]/C           pwm[0]/v_reg[3]/CE             0.450         
pwm[0]/vcnt_reg[1]/C           pwm[0]/v_reg[4]/CE             0.450         
pwm[0]/vcnt_reg[1]/C           pwm[0]/v_reg[5]/CE             0.450         
pwm[0]/vcnt_reg[1]/C           pwm[0]/v_reg[6]/CE             0.450         
pwm[0]/vcnt_reg[1]/C           pwm[0]/v_reg[7]/CE             0.450         
pwm[3]/vcnt_reg[1]/C           pwm[3]/b_reg[4]/CE             0.487         
pwm[3]/vcnt_reg[1]/C           pwm[3]/b_reg[5]/CE             0.487         
pwm[3]/vcnt_reg[1]/C           pwm[3]/b_reg[6]/CE             0.487         
pwm[2]/vcnt_reg[4]/C           pwm[2]/b_reg[11]/CE            0.493         
pwm[2]/vcnt_reg[4]/C           pwm[2]/b_reg[15]/CE            0.493         
pwm[2]/vcnt_reg[4]/C           pwm[2]/b_reg[1]/CE             0.493         
pwm[2]/vcnt_reg[4]/C           pwm[2]/b_reg[2]/CE             0.493         
pwm[2]/vcnt_reg[4]/C           pwm[2]/b_reg[5]/CE             0.493         
pwm[2]/vcnt_reg[4]/C           pwm[2]/b_reg[10]/CE            0.529         
pwm[2]/vcnt_reg[4]/C           pwm[2]/b_reg[13]/CE            0.529         
pwm[2]/vcnt_reg[4]/C           pwm[2]/b_reg[8]/CE             0.529         
pwm[2]/vcnt_reg[4]/C           pwm[2]/b_reg[9]/CE             0.529         
pwm[1]/vcnt_reg[2]/C           pwm[1]/b_reg[5]/CE             0.559         
pwm[1]/vcnt_reg[2]/C           pwm[1]/b_reg[6]/CE             0.559         
pwm[1]/vcnt_reg[2]/C           pwm[1]/b_reg[7]/CE             0.559         
dac_rst_reg/C                  oddr_dac_dat[10]/R             0.568         
dac_rst_reg/C                  oddr_dac_dat[4]/R              0.571         
i_ams/dac_b_o_reg[16]/C        pwm[1]/v_reg[0]/D              0.584         
dac_rst_reg/C                  oddr_dac_dat[13]/R             0.593         
dac_rst_reg/C                  oddr_dac_dat[12]/R             0.595         
dac_rst_reg/C                  oddr_dac_dat[0]/R              0.597         
pwm_rstn_reg/C                 pwm[0]/pwm_o_reg/R             0.598         
dac_rst_reg/C                  oddr_dac_dat[3]/R              0.601         
dac_rst_reg/C                  oddr_dac_dat[2]/R              0.602         
pwm[1]/vcnt_reg[2]/C           pwm[1]/v_reg[2]/CE             0.604         
pwm[1]/vcnt_reg[2]/C           pwm[1]/v_reg[6]/CE             0.604         
pwm[1]/vcnt_reg[2]/C           pwm[1]/v_reg[7]/CE             0.604         
i_ams/dac_d_o_reg[3]/C         pwm[3]/b_reg[3]/D              0.611         
pwm[1]/vcnt_reg[2]/C           pwm[1]/v_reg[0]/CE             0.612         
pwm[1]/vcnt_reg[2]/C           pwm[1]/v_reg[1]/CE             0.612         
pwm[1]/vcnt_reg[2]/C           pwm[1]/v_reg[3]/CE             0.612         
pwm[1]/vcnt_reg[2]/C           pwm[1]/v_reg[4]/CE             0.612         
pwm[1]/vcnt_reg[2]/C           pwm[1]/v_reg[5]/CE             0.612         
dac_rst_reg/C                  oddr_dac_dat[5]/R              0.617         
pwm[3]/vcnt_reg[1]/C           pwm[3]/b_reg[12]/CE            0.625         
pwm[3]/vcnt_reg[1]/C           pwm[3]/b_reg[13]/CE            0.625         
pwm[0]/vcnt_reg[1]/C           pwm[0]/b_reg[11]/CE            0.626         
pwm[0]/vcnt_reg[1]/C           pwm[0]/b_reg[12]/CE            0.626         
pwm[0]/vcnt_reg[1]/C           pwm[0]/b_reg[4]/CE             0.626         
pwm[0]/vcnt_reg[1]/C           pwm[0]/b_reg[5]/CE             0.626         
pwm[2]/vcnt_reg[4]/C           pwm[2]/v_reg[1]/CE             0.626         
pwm[2]/vcnt_reg[4]/C           pwm[2]/v_reg[2]/CE             0.626         
pwm[2]/vcnt_reg[4]/C           pwm[2]/v_reg[3]/CE             0.626         
pwm[2]/vcnt_reg[4]/C           pwm[2]/v_reg[4]/CE             0.626         
pwm[2]/vcnt_reg[4]/C           pwm[2]/v_reg[5]/CE             0.626         
pwm[2]/vcnt_reg[4]/C           pwm[2]/v_reg[6]/CE             0.626         
pwm[2]/vcnt_reg[4]/C           pwm[2]/v_reg[7]/CE             0.626         
pwm[2]/vcnt_reg[4]/C           pwm[2]/b_reg[0]/CE             0.667         
pwm[2]/vcnt_reg[4]/C           pwm[2]/b_reg[3]/CE             0.667         
pwm[1]/vcnt_reg[2]/C           pwm[1]/b_reg[1]/CE             0.671         
pwm[1]/vcnt_reg[2]/C           pwm[1]/b_reg[2]/CE             0.671         
pwm[1]/vcnt_reg[2]/C           pwm[1]/b_reg[3]/CE             0.671         
pwm[1]/vcnt_reg[2]/C           pwm[1]/b_reg[4]/CE             0.671         
dac_rst_reg/C                  oddr_dac_dat[1]/R              0.690         
pwm[3]/vcnt_reg[1]/C           pwm[3]/b_reg[7]/CE             0.692         
pwm[3]/vcnt_reg[1]/C           pwm[3]/b_reg[8]/CE             0.692         
pwm[3]/vcnt_reg[1]/C           pwm[3]/b_reg[9]/CE             0.692         
dac_rst_reg/C                  oddr_dac_dat[11]/R             0.706         
pwm[1]/vcnt_reg[2]/C           pwm[1]/b_reg[0]/CE             0.723         
pwm[1]/vcnt_reg[2]/C           pwm[1]/b_reg[11]/CE            0.723         
pwm[1]/vcnt_reg[2]/C           pwm[1]/b_reg[12]/CE            0.723         
pwm[1]/vcnt_reg[2]/C           pwm[1]/b_reg[13]/CE            0.723         
i_ams/dac_a_o_reg[14]/C        pwm[0]/b_reg[14]/D             0.730         
pwm_rstn_reg/C                 pwm[1]/pwm_o_reg/R             0.736         
pwm[0]/vcnt_reg[1]/C           pwm[0]/b_reg[14]/CE            0.755         
pwm[0]/vcnt_reg[1]/C           pwm[0]/b_reg[6]/CE             0.755         
pwm[1]/vcnt_reg[2]/C           pwm[1]/vcnt_reg[5]/CE          0.758         
i_ams/dac_b_o_reg[9]/C         pwm[1]/b_reg[9]/D              0.760         
i_ams/dac_b_o_reg[5]/C         pwm[1]/b_reg[5]/D              0.771         
pwm[2]/v_reg[2]/C              pwm[2]/v_r_reg[7]/D            0.777         
dac_rst_reg/C                  oddr_dac_dat[7]/R              0.964         
dac_rst_reg/C                  oddr_dac_dat[6]/R              1.002         
dac_rst_reg/C                  oddr_dac_dat[9]/R              1.064         
dac_rst_reg/C                  oddr_dac_dat[8]/R              1.105         
dac_dat_a_reg[12]/C            oddr_dac_dat[12]/D2            1.382         
dac_dat_a_reg[1]/C             oddr_dac_dat[1]/D2             1.382         
dac_rst_reg/C                  oddr_dac_sel/R                 1.494         
dac_dat_a_reg[10]/C            oddr_dac_dat[10]/D2            1.593         
dac_dat_a_reg[7]/C             oddr_dac_dat[7]/D2             1.606         
dac_dat_a_reg[5]/C             oddr_dac_dat[5]/D2             1.634         
dac_dat_a_reg[13]/C            oddr_dac_dat[13]/D2            1.661         
dac_dat_a_reg[3]/C             oddr_dac_dat[3]/D2             1.759         
dac_dat_a_reg[6]/C             oddr_dac_dat[6]/D2             1.800         
dac_dat_a_reg[9]/C             oddr_dac_dat[9]/D2             1.830         
dac_rst_reg/C                  oddr_dac_rst/D2                1.853         
dac_dat_a_reg[0]/C             oddr_dac_dat[0]/D2             1.874         
dac_dat_a_reg[8]/C             oddr_dac_dat[8]/D2             1.915         
dac_dat_a_reg[11]/C            oddr_dac_dat[11]/D2            1.994         
dac_dat_a_reg[2]/C             oddr_dac_dat[2]/D2             2.051         
dac_dat_a_reg[4]/C             oddr_dac_dat[4]/D2             2.129         
i_dsp/sum2_reg[14]/C           dac_dat_b_reg[12]/D            2.743         
i_dsp/sum1_reg[14]/C           dac_dat_a_reg[2]/D             2.931         
i_dsp/sum2_reg[14]/C           dac_dat_b_reg[9]/D             2.993         
i_dsp/sum2_reg[13]/C           dac_dat_b_reg[1]/D             3.103         
i_dsp/sum1_reg[14]/C           dac_dat_a_reg[4]/D             3.179         
i_dsp/sum2_reg[14]/C           dac_dat_b_reg[5]/D             3.286         
i_dsp/sum1_reg[14]/C           dac_dat_a_reg[3]/D             3.350         
i_dsp/sum1_reg[16]/C           dac_dat_a_reg[1]/D             3.478         
i_dsp/sum1_reg[16]/C           dac_dat_a_reg[11]/D            3.506         
i_dsp/sum1_reg[5]/C            dac_dat_a_reg[5]/D             3.525         
i_dsp/sum2_reg[3]/C            dac_dat_b_reg[3]/D             3.542         
i_dsp/sum1_reg[14]/C           dac_dat_a_reg[12]/D            3.550         
i_dsp/sum2_reg[13]/C           dac_dat_b_reg[4]/D             3.638         
i_dsp/sum1_reg[14]/C           dac_dat_a_reg[0]/D             3.678         
i_dsp/sum1_reg[13]/C           dac_dat_a_reg[8]/D             3.710         
i_dsp/sum2_reg[16]/C           dac_dat_b_reg[8]/D             3.789         
i_dsp/sum2_reg[13]/C           dac_dat_b_reg[6]/D             3.856         
i_dsp/sum2_reg[14]/C           dac_dat_b_reg[0]/D             3.860         
i_dsp/sum1_reg[17]/C           dac_dat_a_reg[13]/D            3.960         
i_dsp/sum2_reg[7]/C            dac_dat_b_reg[7]/D             4.069         
i_dsp/sum2_reg[2]/C            dac_dat_b_reg[2]/D             4.083         
i_dsp/sum2_reg[16]/C           dac_dat_b_reg[10]/D            4.173         
i_dsp/sum1_reg[14]/C           dac_dat_a_reg[6]/D             4.207         
i_dsp/sum1_reg[14]/C           dac_dat_a_reg[9]/D             4.216         
i_dsp/sum1_reg[10]/C           dac_dat_a_reg[10]/D            4.495         
i_dsp/sum2_reg[14]/C           dac_dat_b_reg[11]/D            4.509         
i_dsp/sum1_reg[14]/C           dac_dat_a_reg[7]/D             4.610         
i_dsp/sum2_reg[17]/C           dac_dat_b_reg[13]/D            4.655         
dac_dat_b_reg[13]/C            oddr_dac_dat[13]/D1            5.040         
dac_dat_b_reg[3]/C             oddr_dac_dat[3]/D1             5.291         
dac_dat_b_reg[5]/C             oddr_dac_dat[5]/D1             5.501         
dac_dat_b_reg[7]/C             oddr_dac_dat[7]/D1             5.596         
dac_dat_b_reg[11]/C            oddr_dac_dat[11]/D1            5.600         
dac_dat_b_reg[10]/C            oddr_dac_dat[10]/D1            5.604         
dac_dat_b_reg[2]/C             oddr_dac_dat[2]/D1             5.611         
dac_dat_b_reg[6]/C             oddr_dac_dat[6]/D1             5.612         
dac_dat_b_reg[4]/C             oddr_dac_dat[4]/D1             5.615         
dac_rst_reg/C                  oddr_dac_rst/D1                5.664         
dac_dat_b_reg[8]/C             oddr_dac_dat[8]/D1             5.765         
dac_dat_b_reg[9]/C             oddr_dac_dat[9]/D1             5.768         
dac_dat_b_reg[12]/C            oddr_dac_dat[12]/D1            5.857         
dac_dat_b_reg[1]/C             oddr_dac_dat[1]/D1             5.871         
dac_dat_b_reg[0]/C             oddr_dac_dat[0]/D1             5.873         



